AndroidProjects/Tunnel_v1.3/unityLibrary/build/intermediates/manifest_merge_blame_file/debug/manifest-merger-blame-debug-report.txt
1<?xml version="1.0" encoding="utf-8"?>
2<!-- GENERATED BY UNITY. REMOVE THIS COMMENT TO PREVENT OVERWRITING WHEN EXPORTING AGAIN -->
3<manifest xmlns:android="http://schemas.android.com/apk/res/android"
4    xmlns:tools="http://schemas.android.com/tools"
5    package="com.unity3d.player" >
6
7    <uses-sdk
8        android:minSdkVersion="19"
8-->src\main\AndroidManifest.xml
9        android:targetSdkVersion="33" />
9-->src\main\AndroidManifest.xml
10
11    <uses-feature android:glEsVersion="0x00030000" />
11-->src\main\AndroidManifest.xml:19:3-52
11-->src\main\AndroidManifest.xml:19:17-49
12    <uses-feature
12-->src\main\AndroidManifest.xml:20:3-91
13        android:name="android.hardware.vulkan.version"
13-->src\main\AndroidManifest.xml:20:17-63
14        android:required="false" />
14-->src\main\AndroidManifest.xml:20:64-88
15
16    <uses-permission android:name="android.permission.INTERNET" />
16-->src\main\AndroidManifest.xml:21:3-65
16-->src\main\AndroidManifest.xml:21:20-62
17
18    <uses-feature
18-->src\main\AndroidManifest.xml:22:3-88
19        android:name="android.hardware.touchscreen"
19-->src\main\AndroidManifest.xml:22:17-60
20        android:required="false" />
20-->src\main\AndroidManifest.xml:22:61-85
21    <uses-feature
21-->src\main\AndroidManifest.xml:23:3-99
22        android:name="android.hardware.touchscreen.multitouch"
22-->src\main\AndroidManifest.xml:23:17-71
23        android:required="false" />
23-->src\main\AndroidManifest.xml:23:72-96
24    <uses-feature
24-->src\main\AndroidManifest.xml:24:3-108
25        android:name="android.hardware.touchscreen.multitouch.distinct"
25-->src\main\AndroidManifest.xml:24:17-80
26        android:required="false" />
26-->src\main\AndroidManifest.xml:24:81-105
27
28    <application>
28-->src\main\AndroidManifest.xml:4:3-18:17
29        <activity
29-->src\main\AndroidManifest.xml:5:5-12:16
30            android:name="com.unity3d.player.UnityPlayerActivity"
30-->src\main\AndroidManifest.xml:5:15-68
31            android:configChanges="mcc|mnc|locale|touchscreen|keyboard|keyboardHidden|navigation|orientation|screenLayout|uiMode|screenSize|smallestScreenSize|fontScale|layoutDirection|density"
31-->src\main\AndroidManifest.xml:5:182-363
32            android:exported="true"
32-->src\main\AndroidManifest.xml:5:435-458
33            android:hardwareAccelerated="false"
33-->src\main\AndroidManifest.xml:5:399-434
34            android:launchMode="singleTask"
34-->src\main\AndroidManifest.xml:5:150-181
35            android:resizeableActivity="false"
35-->src\main\AndroidManifest.xml:5:364-398
36            android:screenOrientation="fullSensor"
36-->src\main\AndroidManifest.xml:5:111-149
37            android:theme="@style/UnityThemeSelector" >
37-->src\main\AndroidManifest.xml:5:69-110
38            <intent-filter>
38-->src\main\AndroidManifest.xml:6:7-9:23
39                <action android:name="android.intent.action.MAIN" />
39-->src\main\AndroidManifest.xml:7:9-61
39-->src\main\AndroidManifest.xml:7:17-58
40
41                <category android:name="android.intent.category.LAUNCHER" />
41-->src\main\AndroidManifest.xml:8:9-69
41-->src\main\AndroidManifest.xml:8:19-66
42            </intent-filter>
43
44            <meta-data
44-->src\main\AndroidManifest.xml:10:7-82
45                android:name="unityplayer.UnityActivity"
45-->src\main\AndroidManifest.xml:10:18-58
46                android:value="true" />
46-->src\main\AndroidManifest.xml:10:59-79
47            <meta-data
47-->src\main\AndroidManifest.xml:11:7-78
48                android:name="android.notch_support"
48-->src\main\AndroidManifest.xml:11:18-54
49                android:value="true" />
49-->src\main\AndroidManifest.xml:11:55-75
50        </activity>
51
52        <meta-data
52-->src\main\AndroidManifest.xml:13:5-69
53            android:name="unity.splash-mode"
53-->src\main\AndroidManifest.xml:13:16-48
54            android:value="0" />
54-->src\main\AndroidManifest.xml:13:49-66
55        <meta-data
55-->src\main\AndroidManifest.xml:14:5-74
56            android:name="unity.splash-enable"
56-->src\main\AndroidManifest.xml:14:16-50
57            android:value="True" />
57-->src\main\AndroidManifest.xml:14:51-71
58        <meta-data
58-->src\main\AndroidManifest.xml:15:5-84
59            android:name="unity.allow-resizable-window"
59-->src\main\AndroidManifest.xml:15:16-59
60            android:value="False" />
60-->src\main\AndroidManifest.xml:15:60-81
61        <meta-data
61-->src\main\AndroidManifest.xml:16:5-81
62            android:name="notch.config"
62-->src\main\AndroidManifest.xml:16:16-43
63            android:value="portrait|landscape" />
63-->src\main\AndroidManifest.xml:16:44-78
64        <meta-data
64-->src\main\AndroidManifest.xml:17:5-101
65            android:name="unity.build-id"
65-->src\main\AndroidManifest.xml:17:16-45
66            android:value="ef55baec-7b16-4fb1-bff8-ae48e9112e54" />
66-->src\main\AndroidManifest.xml:17:46-98
67    </application>
68
69</manifest>